<?xml version="1.0" encoding="UTF-8"?>
<!-- Generated by org.testng.reporters.JUnitXMLReporter -->
<testsuite ignored="1" hostname="DESKTOP-PVNP0O9" failures="0" tests="1" name="Test on Firfox" time="0.11" errors="0" timestamp="2025-10-24T18:27:34 IST">
  <testcase classname="org.eva.application.base.BaseClass" name="@BeforeMethod beforeTestCase" time="0.02">
    <failure type="java.lang.IllegalAccessException" message="Unsupported BrowserFirfox">
      <![CDATA[java.lang.IllegalAccessException: Unsupported BrowserFirfox
at org.eva.application.utils.WebUtils.launchBrowser(WebUtils.java:78)
at org.eva.application.base.BaseClass.beforeTestCase(BaseClass.java:41)
at java.base/java.util.ArrayList.forEach(ArrayList.java:1596)
... Removed 29 stack frames]]>
    </failure>
  </testcase> <!-- @BeforeMethod beforeTestCase -->
  <testcase classname="org.eva.application.base.BaseClass" name="@AfterMethod afterTestCase" time="0.0">
    <skipped/>
  </testcase> <!-- @AfterMethod afterTestCase -->
  <testcase classname="org.eva.application.testscripts.VerifyLeadTestScript" name="vt002VerifyLeadCreationMandatory" time="0.0">
    <skipped/>
  </testcase> <!-- vt002VerifyLeadCreationMandatory -->
  <testcase classname="org.eva.application.testscripts.VerifyLeadTestScript" name="testLogin" time="0.0">
    <ignored/>
  </testcase> <!-- testLogin -->
</testsuite> <!-- Test on Firfox -->
