<?xml version="1.0" encoding="UTF-8"?>
<!-- Generated by org.testng.reporters.JUnitXMLReporter -->
<testsuite ignored="0" hostname="DESKTOP-PVNP0O9" failures="1" tests="3" name="Test on edge" time="91.113" errors="0" timestamp="2025-10-25T19:17:42 IST">
  <testcase classname="org.eva.application.testscripts.VerifyLeadTestScript" name="testLogin" time="57.791">
    <skipped/>
  </testcase> <!-- testLogin -->
  <testcase classname="org.eva.application.testscripts.VerifyLeadTestScript" name="testLogin" time="14.24">
    <skipped/>
  </testcase> <!-- testLogin -->
  <testcase classname="org.eva.application.testscripts.VerifyLeadTestScript" name="testLogin" time="13.833">
    <failure type="java.lang.RuntimeException" message="Failed to get text for XPath: Proxy element for: DefaultElementLocator &amp;apos;By.xpath: //span[contains(text(),&amp;apos;Lead Information&amp;apos;)]&amp;apos;">
      <![CDATA[java.lang.RuntimeException: Failed to get text for XPath: Proxy element for: DefaultElementLocator 'By.xpath: //span[contains(text(),'Lead Information')]'
at org.eva.application.utils.WebUtils.getText(WebUtils.java:293)
at org.eva.application.pages.LeadInfoPage.getLeadHeader(LeadInfoPage.java:70)
at org.eva.application.testscripts.VerifyLeadTestScript.testLogin(VerifyLeadTestScript.java:68)
at java.base/java.util.ArrayList.forEach(ArrayList.java:1596)
Caused by: org.openqa.selenium.NoSuchElementException: no such element: Unable to locate element: {"method":"xpath","selector":"//span[contains(text(),'Lead Information')]"}
  (Session info: MicrosoftEdge=141.0.3537.92)
For documentation on this error, please visit: https://www.selenium.dev/documentation/webdriver/troubleshooting/errors#nosuchelementexception
Build info: version: '4.36.0', revision: '6d115cfd87'
System info: os.name: 'Windows 11', os.arch: 'amd64', os.version: '10.0', java.version: '21.0.8'
Driver info: org.openqa.selenium.edge.EdgeDriver
Command: [56f39f4c27b5ce8476de541f75e08833, findElement {value=//span[contains(text(),'Lead Information')], using=xpath}]
Capabilities {acceptInsecureCerts: false, browserName: MicrosoftEdge, browserVersion: 141.0.3537.92, fedcm:accounts: true, ms:edgeOptions: {debuggerAddress: localhost:56802}, msedge: {msedgedriverVersion: 141.0.3537.99 (1b2f83d6a142..., userDataDir: C:\Users\DELL\AppData\Local...}, networkConnectionEnabled: false, pageLoadStrategy: normal, platformName: windows, proxy: Proxy(), se:cdp: ws://localhost:56802/devtoo..., se:cdpVersion: 141.0.3537.92, setWindowRect: true, strictFileInteractability: false, timeouts: {implicit: 0, pageLoad: 300000, script: 30000}, unhandledPromptBehavior: dismiss and notify, webauthn:extension:credBlob: true, webauthn:extension:largeBlob: true, webauthn:extension:minPinLength: true, webauthn:extension:prf: true, webauthn:virtualAuthenticators: true}
Session ID: 56f39f4c27b5ce8476de541f75e08833
at org.openqa.selenium.remote.ErrorCodec.decode(ErrorCodec.java:167)
at org.openqa.selenium.remote.codec.w3c.W3CHttpResponseCodec.decode(W3CHttpResponseCodec.java:138)
at org.openqa.selenium.remote.codec.w3c.W3CHttpResponseCodec.decode(W3CHttpResponseCodec.java:50)
at org.openqa.selenium.remote.HttpCommandExecutor.execute(HttpCommandExecutor.java:215)
at org.openqa.selenium.remote.service.DriverCommandExecutor.invokeExecute(DriverCommandExecutor.java:216)
at org.openqa.selenium.remote.service.DriverCommandExecutor.execute(DriverCommandExecutor.java:174)
at org.openqa.selenium.remote.RemoteWebDriver.execute(RemoteWebDriver.java:557)
at org.openqa.selenium.remote.ElementLocation$ElementFinder$2.findElement(ElementLocation.java:165)
at org.openqa.selenium.remote.ElementLocation.findElement(ElementLocation.java:59)
at org.openqa.selenium.remote.RemoteWebDriver.findElement(RemoteWebDriver.java:380)
at org.openqa.selenium.remote.RemoteWebDriver.findElement(RemoteWebDriver.java:374)
at org.openqa.selenium.support.pagefactory.DefaultElementLocator.findElement(DefaultElementLocator.java:68)
at org.openqa.selenium.support.pagefactory.internal.LocatingElementHandler.invoke(LocatingElementHandler.java:38)
at jdk.proxy2/jdk.proxy2.$Proxy16.getText(Unknown Source)
at org.eva.application.utils.WebUtils.getText(WebUtils.java:281)
... 28 more
... Removed 28 stack frames]]>
    </failure>
  </testcase> <!-- testLogin -->
</testsuite> <!-- Test on edge -->
