<?xml version="1.0" encoding="UTF-8"?>
<!-- Generated by org.testng.reporters.JUnitXMLReporter -->
<testsuite ignored="0" hostname="Mahesh" failures="0" tests="3" name="Test on chrome" time="76.364" errors="0" timestamp="2026-09-07T11:16:19 IST">
  <testcase classname="org.eva.application.testscripts.VerifyLeadTestScript" name="vt001VerifyCreateLead" time="23.024"/>
  <testcase classname="org.eva.application.testscripts.VerifyLeadTestScript" name="vt002VerifyLeadCreationMandatory" time="19.488"/>
  <testcase classname="org.eva.application.testscripts.VerifyLeadTestScript" name="vt003VerifyLeadCreationInvalidData" time="16.763"/>
</testsuite> <!-- Test on chrome -->
