<?xml version="1.0" encoding="UTF-8"?>
<!-- Generated by org.testng.reporters.JUnitXMLReporter -->
<testsuite ignored="0" hostname="DESKTOP-PVNP0O9" failures="1" tests="1" name="Test on chrome(failed)" time="25.353" errors="0" timestamp="2025-10-24T10:19:44 IST">
  <testcase classname="org.eva.application.testscripts.VerifyLeadTestScript" name="testLogin" time="22.477">
    <failure type="java.lang.NullPointerException" message="Cannot invoke &amp;quot;org.eva.application.utils.WebUtils.click(org.openqa.selenium.WebElement)&amp;quot; because &amp;quot;this.wu&amp;quot; is null">
      <![CDATA[java.lang.NullPointerException: Cannot invoke "org.eva.application.utils.WebUtils.click(org.openqa.selenium.WebElement)" because "this.wu" is null
at org.eva.application.pages.SavePage.clickSaveButton(SavePage.java:21)
at org.eva.application.testscripts.VerifyLeadTestScript.testLogin(VerifyLeadTestScript.java:61)
at java.base/java.util.ArrayList.forEach(ArrayList.java:1596)
... Removed 25 stack frames]]>
    </failure>
  </testcase> <!-- testLogin -->
</testsuite> <!-- Test on chrome(failed) -->
