<?xml version="1.0" encoding="UTF-8"?>
<!-- Generated by org.testng.reporters.JUnitReportReporter -->
<testsuite hostname="Mahesh" failures="0" tests="3" name="org.eva.application.testscripts.VerifyLeadTestScript" time="76.269" errors="0" timestamp="2026-09-07T11:16:19 IST" skipped="0">
  <testcase classname="org.eva.application.testscripts.VerifyLeadTestScript" name="vt001VerifyCreateLead" time="24.402"/>
  <testcase classname="org.eva.application.testscripts.VerifyLeadTestScript" name="vt003VerifyLeadCreationInvalidData" time="30.940"/>
  <testcase classname="org.eva.application.testscripts.VerifyLeadTestScript" name="vt002VerifyLeadCreationMandatory" time="20.927"/>
</testsuite> <!-- org.eva.application.testscripts.VerifyLeadTestScript -->
